XSYBBS/app/build/outputs/logs/manifest-merger-debug-report.txt
-- Merging decision tree log ---
manifest
ADDED from src\main\AndroidManifest.xml:2:1-198:12
	package
		ADDED from src\main\AndroidManifest.xml:4:5-29
		INJECTED from src\main\AndroidManifest.xml
		INJECTED from src\main\AndroidManifest.xml
	android:versionName
		INJECTED from src\main\AndroidManifest.xml
		INJECTED from src\main\AndroidManifest.xml
	xmlns:tools
		ADDED from src\main\AndroidManifest.xml:3:5-51
	xmlns:android
		ADDED from src\main\AndroidManifest.xml:2:11-69
	android:versionCode
		INJECTED from src\main\AndroidManifest.xml
		INJECTED from src\main\AndroidManifest.xml
uses-permission#android.permission.READ_PHONE_STATE
ADDED from src\main\AndroidManifest.xml:8:5-75
	android:name
		ADDED from src\main\AndroidManifest.xml:8:22-72
uses-permission#android.permission.INTERNET
ADDED from src\main\AndroidManifest.xml:9:5-67
	android:name
		ADDED from src\main\AndroidManifest.xml:9:22-64
uses-permission#android.permission.ACCESS_NETWORK_STATE
ADDED from src\main\AndroidManifest.xml:10:5-79
	android:name
		ADDED from src\main\AndroidManifest.xml:10:22-76
uses-permission#android.permission.ACCESS_WIFI_STATE
ADDED from src\main\AndroidManifest.xml:11:5-76
	android:name
		ADDED from src\main\AndroidManifest.xml:11:22-73
uses-permission#android.permission.READ_LOGS
ADDED from src\main\AndroidManifest.xml:12:5-13:47
	tools:ignore
		ADDED from src\main\AndroidManifest.xml:13:9-44
	android:name
		ADDED from src\main\AndroidManifest.xml:12:22-65
uses-permission#android.permission.WAKE_LOCK
ADDED from src\main\AndroidManifest.xml:17:5-68
	android:name
		ADDED from src\main\AndroidManifest.xml:17:22-65
uses-permission#android.permission.WRITE_EXTERNAL_STORAGE
ADDED from src\main\AndroidManifest.xml:19:5-81
MERGED from [com.squareup.leakcanary:leakcanary-android:1.6.3] AndroidManifest.xml:24:5-81
	android:name
		ADDED from src\main\AndroidManifest.xml:19:22-78
uses-permission#android.permission.VIBRATE
ADDED from src\main\AndroidManifest.xml:22:5-66
	android:name
		ADDED from src\main\AndroidManifest.xml:22:22-63
uses-permission#android.permission.CAMERA
ADDED from src\main\AndroidManifest.xml:24:5-65
	android:name
		ADDED from src\main\AndroidManifest.xml:24:22-62
uses-permission#android.permission.ACCESS_MOCK_LOCATION
ADDED from src\main\AndroidManifest.xml:25:5-26:39
	tools:ignore
		ADDED from src\main\AndroidManifest.xml:26:9-36
	android:name
		ADDED from src\main\AndroidManifest.xml:25:22-76
uses-permission#android.permission.MOUNT_UNMOUNT_FILESYSTEMS
ADDED from src\main\AndroidManifest.xml:27:5-83
	android:name
		ADDED from src\main\AndroidManifest.xml:27:22-81
uses-permission#android.permission.ACCESS_FINE_LOCATION
ADDED from src\main\AndroidManifest.xml:28:5-79
	android:name
		ADDED from src\main\AndroidManifest.xml:28:22-76
uses-permission#android.permission.GET_TASKS
ADDED from src\main\AndroidManifest.xml:29:5-68
	android:name
		ADDED from src\main\AndroidManifest.xml:29:22-65
uses-permission#android.permission.CHANGE_WIFI_STATE
ADDED from src\main\AndroidManifest.xml:30:5-76
	android:name
		ADDED from src\main\AndroidManifest.xml:30:22-73
uses-permission#android.permission.MODIFY_AUDIO_SETTINGS
ADDED from src\main\AndroidManifest.xml:31:5-80
	android:name
		ADDED from src\main\AndroidManifest.xml:31:22-77
uses-permission#android.permission.RECEIVE_BOOT_COMPLETED
ADDED from src\main\AndroidManifest.xml:32:5-81
	android:name
		ADDED from src\main\AndroidManifest.xml:32:22-78
uses-permission#android.permission.READ_EXTERNAL_STORAGE
ADDED from src\main\AndroidManifest.xml:36:5-80
MERGED from [com.squareup.leakcanary:leakcanary-android:1.6.3] AndroidManifest.xml:23:5-80
	android:name
		ADDED from src\main\AndroidManifest.xml:36:22-77
uses-permission#android.permission.RECORD_AUDIO
ADDED from src\main\AndroidManifest.xml:43:5-71
	android:name
		ADDED from src\main\AndroidManifest.xml:43:22-68
application
ADDED from src\main\AndroidManifest.xml:50:5-196:19
MERGED from [com.android.support.constraint:constraint-layout:1.0.2] AndroidManifest.xml:9:5-20
MERGED from [de.hdodenhof:circleimageview:2.2.0] AndroidManifest.xml:9:5-20
MERGED from [cn.bmob.android:bmob-sdk:3.6.1] AndroidManifest.xml:11:5-14:19
MERGED from [me.thewyp:avatar:1.0.4] AndroidManifest.xml:11:5-14:19
MERGED from [me.weyye.hipermission:library:1.0.7] AndroidManifest.xml:11:5-19:19
MERGED from [com.squareup.leakcanary:leakcanary-android:1.6.3] AndroidManifest.xml:28:5-72:19
MERGED from [com.squareup.leakcanary:leakcanary-analyzer:1.6.3] AndroidManifest.xml:22:5-20
	android:label
		ADDED from src\main\AndroidManifest.xml:54:9-41
	android:supportsRtl
		ADDED from src\main\AndroidManifest.xml:56:9-35
	android:roundIcon
		ADDED from src\main\AndroidManifest.xml:55:9-54
	android:allowBackup
		ADDED from src\main\AndroidManifest.xml:52:9-35
	android:icon
		ADDED from src\main\AndroidManifest.xml:53:9-36
	android:theme
		ADDED from src\main\AndroidManifest.xml:57:9-40
	android:name
		ADDED from src\main\AndroidManifest.xml:51:9-50
activity#com.wsg.xsybbs.activity.SplashActivity
ADDED from src\main\AndroidManifest.xml:63:9-68:20
	android:theme
		ADDED from src\main\AndroidManifest.xml:63:59-115
	android:name
		ADDED from src\main\AndroidManifest.xml:63:19-58
intent-filter#android.intent.action.MAIN+android.intent.category.LAUNCHER
ADDED from src\main\AndroidManifest.xml:64:13-67:29
action#android.intent.action.MAIN
ADDED from src\main\AndroidManifest.xml:65:17-69
	android:name
		ADDED from src\main\AndroidManifest.xml:65:25-66
category#android.intent.category.LAUNCHER
ADDED from src\main\AndroidManifest.xml:66:17-77
	android:name
		ADDED from src\main\AndroidManifest.xml:66:27-74
activity#com.wsg.xsybbs.activity.user.LoginActivity
ADDED from src\main\AndroidManifest.xml:72:9-104
	android:label
		ADDED from src\main\AndroidManifest.xml:72:63-92
	android:name
		ADDED from src\main\AndroidManifest.xml:72:19-62
activity#com.wsg.xsybbs.activity.user.RegisterActivity
ADDED from src\main\AndroidManifest.xml:74:9-110
	android:label
		ADDED from src\main\AndroidManifest.xml:74:66-98
	android:name
		ADDED from src\main\AndroidManifest.xml:74:19-65
activity#com.wsg.xsybbs.activity.user.ForgetPasswordActivity
ADDED from src\main\AndroidManifest.xml:76:9-123
	android:label
		ADDED from src\main\AndroidManifest.xml:76:72-111
	android:name
		ADDED from src\main\AndroidManifest.xml:76:19-71
activity#com.wsg.xsybbs.activity.user.ModifyPasswordActivity
ADDED from src\main\AndroidManifest.xml:78:9-128
	android:label
		ADDED from src\main\AndroidManifest.xml:78:72-116
	android:name
		ADDED from src\main\AndroidManifest.xml:78:19-71
activity#com.wsg.xsybbs.activity.user.TouristLoginActivity
ADDED from src\main\AndroidManifest.xml:80:9-119
	android:label
		ADDED from src\main\AndroidManifest.xml:80:70-107
	android:name
		ADDED from src\main\AndroidManifest.xml:80:19-69
activity#com.wsg.xsybbs.activity.usercenter.FeedBackActivity
ADDED from src\main\AndroidManifest.xml:82:9-114
	android:label
		ADDED from src\main\AndroidManifest.xml:82:72-102
	android:name
		ADDED from src\main\AndroidManifest.xml:82:19-71
activity#com.wsg.xsybbs.activity.user.PersionalDealActivity
ADDED from src\main\AndroidManifest.xml:84:9-82
	android:name
		ADDED from src\main\AndroidManifest.xml:84:19-70
activity#com.wsg.xsybbs.activity.usercenter.UpDateActivity
ADDED from src\main\AndroidManifest.xml:86:9-117
	android:label
		ADDED from src\main\AndroidManifest.xml:86:70-105
	android:name
		ADDED from src\main\AndroidManifest.xml:86:19-69
activity#com.wsg.xsybbs.activity.usercenter.AboutActivity
ADDED from src\main\AndroidManifest.xml:88:9-114
	android:label
		ADDED from src\main\AndroidManifest.xml:88:69-102
	android:name
		ADDED from src\main\AndroidManifest.xml:88:19-68
activity#com.wsg.xsybbs.activity.usercenter.MyNoteActivity
ADDED from src\main\AndroidManifest.xml:90:9-117
	android:label
		ADDED from src\main\AndroidManifest.xml:90:70-105
	android:name
		ADDED from src\main\AndroidManifest.xml:90:19-69
activity#com.wsg.xsybbs.activity.usercenter.MyMessageActivity
ADDED from src\main\AndroidManifest.xml:92:9-124
	android:label
		ADDED from src\main\AndroidManifest.xml:92:73-112
	android:name
		ADDED from src\main\AndroidManifest.xml:92:19-72
activity#com.wsg.xsybbs.activity.usercenter.ChooseProfileActivity
ADDED from src\main\AndroidManifest.xml:94:9-132
	android:label
		ADDED from src\main\AndroidManifest.xml:94:77-120
	android:name
		ADDED from src\main\AndroidManifest.xml:94:19-76
activity#com.wsg.xsybbs.activity.user.ModifyPersionalInformationActivity
ADDED from src\main\AndroidManifest.xml:96:9-136
	android:label
		ADDED from src\main\AndroidManifest.xml:96:84-124
	android:name
		ADDED from src\main\AndroidManifest.xml:96:19-83
activity#cn.bmob.v3.update.UpdateDialogActivity
ADDED from src\main\AndroidManifest.xml:99:9-102:20
	android:theme
		ADDED from src\main\AndroidManifest.xml:101:13-72
	android:name
		ADDED from src\main\AndroidManifest.xml:100:13-66
activity#com.wsg.xsybbs.MainActivity
ADDED from src\main\AndroidManifest.xml:107:9-108:20
	android:launchMode
		ADDED from src\main\AndroidManifest.xml:107:105-136
	android:theme
		ADDED from src\main\AndroidManifest.xml:107:48-104
	android:name
		ADDED from src\main\AndroidManifest.xml:107:19-47
activity#com.wsg.xsybbs.activity.ChatActivity
ADDED from src\main\AndroidManifest.xml:111:9-68
	android:name
		ADDED from src\main\AndroidManifest.xml:111:19-56
activity#com.hyphenate.easeui.ui.EaseBaiduMapActivity
ADDED from src\main\AndroidManifest.xml:115:9-80
	android:name
		ADDED from src\main\AndroidManifest.xml:115:19-78
activity#com.wsg.xsybbs.activity.note.AddNoteActivity
ADDED from src\main\AndroidManifest.xml:117:9-114
	android:label
		ADDED from src\main\AndroidManifest.xml:117:65-102
	android:name
		ADDED from src\main\AndroidManifest.xml:117:19-64
activity#com.wsg.xsybbs.activity.note.SearchNoteActivity
ADDED from src\main\AndroidManifest.xml:119:9-120
	android:label
		ADDED from src\main\AndroidManifest.xml:119:68-108
	android:name
		ADDED from src\main\AndroidManifest.xml:119:19-67
activity#com.wsg.xsybbs.activity.note.ModifyMyNoteActivity
ADDED from src\main\AndroidManifest.xml:121:9-125
	android:label
		ADDED from src\main\AndroidManifest.xml:121:70-113
	android:name
		ADDED from src\main\AndroidManifest.xml:121:19-69
activity#com.wsg.xsybbs.activity.note.NoteDetailActivity
ADDED from src\main\AndroidManifest.xml:123:9-120
	android:label
		ADDED from src\main\AndroidManifest.xml:123:68-108
	android:name
		ADDED from src\main\AndroidManifest.xml:123:19-67
activity#com.wsg.xsybbs.activity.message.MyMessageZanActivity
ADDED from src\main\AndroidManifest.xml:126:9-120
	android:label
		ADDED from src\main\AndroidManifest.xml:126:73-108
	android:name
		ADDED from src\main\AndroidManifest.xml:126:19-72
activity#com.wsg.xsybbs.activity.message.MyMessageCommentActivity
ADDED from src\main\AndroidManifest.xml:129:9-123
	android:label
		ADDED from src\main\AndroidManifest.xml:129:77-111
	android:name
		ADDED from src\main\AndroidManifest.xml:129:19-76
provider#android.support.v4.content.FileProvider
ADDED from src\main\AndroidManifest.xml:135:9-143:20
	android:authorities
		ADDED from src\main\AndroidManifest.xml:137:13-49
	android:grantUriPermissions
		ADDED from src\main\AndroidManifest.xml:139:13-47
	android:exported
		ADDED from src\main\AndroidManifest.xml:138:13-37
	android:name
		ADDED from src\main\AndroidManifest.xml:136:13-67
meta-data#android.support.FILE_PROVIDER_PATHS
ADDED from src\main\AndroidManifest.xml:140:13-142:54
	android:resource
		ADDED from src\main\AndroidManifest.xml:142:17-51
	android:name
		ADDED from src\main\AndroidManifest.xml:141:17-67
meta-data#EASEMOB_APPKEY
ADDED from src\main\AndroidManifest.xml:149:9-93
	android:value
		ADDED from src\main\AndroidManifest.xml:149:51-90
	android:name
		ADDED from src\main\AndroidManifest.xml:149:20-49
service#com.hyphenate.chat.EMChatService
ADDED from src\main\AndroidManifest.xml:151:9-91
	android:exported
		ADDED from src\main\AndroidManifest.xml:151:66-89
	android:name
		ADDED from src\main\AndroidManifest.xml:151:18-65
service#com.hyphenate.chat.EMJobService
ADDED from src\main\AndroidManifest.xml:152:9-155:15
	android:exported
		ADDED from src\main\AndroidManifest.xml:154:13-36
	android:permission
		ADDED from src\main\AndroidManifest.xml:153:13-69
	android:name
		ADDED from src\main\AndroidManifest.xml:152:18-64
receiver#com.hyphenate.chat.EMMonitorReceiver
ADDED from src\main\AndroidManifest.xml:157:9-167:20
	android:name
		ADDED from src\main\AndroidManifest.xml:157:19-70
intent-filter#android.intent.action.PACKAGE_REMOVED
ADDED from src\main\AndroidManifest.xml:158:13-161:29
action#android.intent.action.PACKAGE_REMOVED
ADDED from src\main\AndroidManifest.xml:159:17-79
	android:name
		ADDED from src\main\AndroidManifest.xml:159:25-77
data
ADDED from src\main\AndroidManifest.xml:160:17-49
	android:scheme
		ADDED from src\main\AndroidManifest.xml:160:23-47
intent-filter#android.intent.action.BOOT_COMPLETED+android.intent.action.USER_PRESENT
ADDED from src\main\AndroidManifest.xml:163:13-166:29
action#android.intent.action.BOOT_COMPLETED
ADDED from src\main\AndroidManifest.xml:164:17-78
	android:name
		ADDED from src\main\AndroidManifest.xml:164:25-76
action#android.intent.action.USER_PRESENT
ADDED from src\main\AndroidManifest.xml:165:17-77
	android:name
		ADDED from src\main\AndroidManifest.xml:165:25-74
activity#com.hyphenate.easeui.ui.EaseShowBigImageActivity
ADDED from src\main\AndroidManifest.xml:171:9-173:52
	android:screenOrientation
		ADDED from src\main\AndroidManifest.xml:173:13-49
	android:name
		ADDED from src\main\AndroidManifest.xml:172:13-76
activity#com.hyphenate.easeui.ui.EaseShowNormalFileActivity
ADDED from src\main\AndroidManifest.xml:175:9-177:52
	android:screenOrientation
		ADDED from src\main\AndroidManifest.xml:177:13-49
	android:name
		ADDED from src\main\AndroidManifest.xml:176:13-78
activity#com.hyphenate.easeui.ui.EaseShowVideoActivity
ADDED from src\main\AndroidManifest.xml:179:9-182:63
	android:screenOrientation
		ADDED from src\main\AndroidManifest.xml:181:13-49
	android:windowSoftInputMode
		ADDED from src\main\AndroidManifest.xml:182:13-60
	android:name
		ADDED from src\main\AndroidManifest.xml:180:13-73
service#com.baidu.location.f
ADDED from src\main\AndroidManifest.xml:185:9-186:19
	android:enabled
		ADDED from src\main\AndroidManifest.xml:185:54-76
	android:process
		ADDED from src\main\AndroidManifest.xml:185:77-102
	android:name
		ADDED from src\main\AndroidManifest.xml:185:18-53
meta-data#com.baidu.lbsapi.API_KEY
ADDED from src\main\AndroidManifest.xml:188:9-190:64
	android:value
		ADDED from src\main\AndroidManifest.xml:190:13-61
	android:name
		ADDED from src\main\AndroidManifest.xml:189:13-52
uses-sdk
INJECTED from src\main\AndroidManifest.xml reason: use-sdk injection requested
MERGED from [com.android.support.constraint:constraint-layout:1.0.2] AndroidManifest.xml:5:5-7:41
MERGED from [com.android.support:design:27.1.0] AndroidManifest.xml:20:5-44
MERGED from [com.android.support:support-v4:27.1.0] AndroidManifest.xml:20:5-44
MERGED from [com.android.support:support-media-compat:27.1.0] AndroidManifest.xml:20:5-44
MERGED from [com.android.support:recyclerview-v7:27.1.0] AndroidManifest.xml:20:5-44
MERGED from [com.android.support:transition:27.1.0] AndroidManifest.xml:20:5-44
MERGED from [de.hdodenhof:circleimageview:2.2.0] AndroidManifest.xml:5:5-7:41
MERGED from [com.tencent.bugly:crashreport:2.8.6.0] AndroidManifest.xml:5:5-7:41
MERGED from [cn.bmob.android:bmob-sdk:3.6.1] AndroidManifest.xml:7:5-9:41
MERGED from [com.github.GrenderG:Toasty:1.2.5] AndroidManifest.xml:8:5-10:41
MERGED from [com.youth.banner:banner:1.4.10] AndroidManifest.xml:7:5-9:41
MERGED from [me.thewyp:avatar:1.0.4] AndroidManifest.xml:7:5-9:41
MERGED from [me.weyye.hipermission:library:1.0.7] AndroidManifest.xml:7:5-9:41
MERGED from [XSYBBS:easeui:unspecified] AndroidManifest.xml:5:5-7:41
MERGED from [com.android.support:appcompat-v7:27.1.0] AndroidManifest.xml:20:5-44
MERGED from [com.android.support:support-fragment:27.1.0] AndroidManifest.xml:20:5-44
MERGED from [android.arch.lifecycle:livedata-core:1.1.0] AndroidManifest.xml:20:5-44
MERGED from [android.arch.core:runtime:1.1.0] AndroidManifest.xml:20:5-44
MERGED from [android.arch.lifecycle:viewmodel:1.1.0] AndroidManifest.xml:20:5-44
MERGED from [com.android.support:animated-vector-drawable:27.1.0] AndroidManifest.xml:20:5-44
MERGED from [com.android.support:support-vector-drawable:27.1.0] AndroidManifest.xml:20:5-44
MERGED from [com.android.support:support-core-ui:27.1.0] AndroidManifest.xml:20:5-44
MERGED from [com.squareup.leakcanary:leakcanary-android:1.6.3] AndroidManifest.xml:20:5-44
MERGED from [com.squareup.leakcanary:leakcanary-analyzer:1.6.3] AndroidManifest.xml:20:5-44
MERGED from [com.android.support:support-core-utils:27.1.0] AndroidManifest.xml:20:5-44
MERGED from [com.android.support:support-compat:27.1.0] AndroidManifest.xml:20:5-44
MERGED from [android.arch.lifecycle:runtime:1.1.0] AndroidManifest.xml:20:5-44
	android:targetSdkVersion
		INJECTED from src\main\AndroidManifest.xml
		INJECTED from src\main\AndroidManifest.xml
	android:minSdkVersion
		INJECTED from src\main\AndroidManifest.xml
		INJECTED from src\main\AndroidManifest.xml
activity#me.weyye.hipermission.PermissionActivity
ADDED from [me.weyye.hipermission:library:1.0.7] AndroidManifest.xml:14:9-18:57
	android:screenOrientation
		ADDED from [me.weyye.hipermission:library:1.0.7] AndroidManifest.xml:17:13-49
	android:configChanges
		ADDED from [me.weyye.hipermission:library:1.0.7] AndroidManifest.xml:16:13-63
	android:theme
		ADDED from [me.weyye.hipermission:library:1.0.7] AndroidManifest.xml:18:13-54
	android:name
		ADDED from [me.weyye.hipermission:library:1.0.7] AndroidManifest.xml:15:13-68
uses-permission#android.permission.FOREGROUND_SERVICE
ADDED from [com.squareup.leakcanary:leakcanary-android:1.6.3] AndroidManifest.xml:26:5-77
	android:name
		ADDED from [com.squareup.leakcanary:leakcanary-android:1.6.3] AndroidManifest.xml:26:22-74
service#com.squareup.leakcanary.internal.HeapAnalyzerService
ADDED from [com.squareup.leakcanary:leakcanary-android:1.6.3] AndroidManifest.xml:29:9-32:45
	android:enabled
		ADDED from [com.squareup.leakcanary:leakcanary-android:1.6.3] AndroidManifest.xml:31:13-36
	android:process
		ADDED from [com.squareup.leakcanary:leakcanary-android:1.6.3] AndroidManifest.xml:32:13-42
	android:name
		ADDED from [com.squareup.leakcanary:leakcanary-android:1.6.3] AndroidManifest.xml:30:13-80
service#com.squareup.leakcanary.DisplayLeakService
ADDED from [com.squareup.leakcanary:leakcanary-android:1.6.3] AndroidManifest.xml:33:9-36:45
	android:enabled
		ADDED from [com.squareup.leakcanary:leakcanary-android:1.6.3] AndroidManifest.xml:35:13-36
	android:process
		ADDED from [com.squareup.leakcanary:leakcanary-android:1.6.3] AndroidManifest.xml:36:13-42
	android:name
		ADDED from [com.squareup.leakcanary:leakcanary-android:1.6.3] AndroidManifest.xml:34:13-70
provider#com.squareup.leakcanary.internal.LeakCanaryFileProvider
ADDED from [com.squareup.leakcanary:leakcanary-android:1.6.3] AndroidManifest.xml:38:9-46:20
	android:authorities
		ADDED from [com.squareup.leakcanary:leakcanary-android:1.6.3] AndroidManifest.xml:40:13-88
	android:grantUriPermissions
		ADDED from [com.squareup.leakcanary:leakcanary-android:1.6.3] AndroidManifest.xml:42:13-47
	android:exported
		ADDED from [com.squareup.leakcanary:leakcanary-android:1.6.3] AndroidManifest.xml:41:13-37
	android:name
		ADDED from [com.squareup.leakcanary:leakcanary-android:1.6.3] AndroidManifest.xml:39:13-83
activity#com.squareup.leakcanary.internal.DisplayLeakActivity
ADDED from [com.squareup.leakcanary:leakcanary-android:1.6.3] AndroidManifest.xml:48:9-61:20
	android:enabled
		ADDED from [com.squareup.leakcanary:leakcanary-android:1.6.3] AndroidManifest.xml:50:13-36
	android:process
		ADDED from [com.squareup.leakcanary:leakcanary-android:1.6.3] AndroidManifest.xml:53:13-42
	android:label
		ADDED from [com.squareup.leakcanary:leakcanary-android:1.6.3] AndroidManifest.xml:52:13-71
	android:icon
		ADDED from [com.squareup.leakcanary:leakcanary-android:1.6.3] AndroidManifest.xml:51:13-52
	android:theme
		ADDED from [com.squareup.leakcanary:leakcanary-android:1.6.3] AndroidManifest.xml:55:13-63
	android:taskAffinity
		ADDED from [com.squareup.leakcanary:leakcanary-android:1.6.3] AndroidManifest.xml:54:13-76
	android:name
		ADDED from [com.squareup.leakcanary:leakcanary-android:1.6.3] AndroidManifest.xml:49:13-80
activity#com.squareup.leakcanary.internal.RequestStoragePermissionActivity
ADDED from [com.squareup.leakcanary:leakcanary-android:1.6.3] AndroidManifest.xml:62:9-71:68
	android:enabled
		ADDED from [com.squareup.leakcanary:leakcanary-android:1.6.3] AndroidManifest.xml:64:13-36
	android:process
		ADDED from [com.squareup.leakcanary:leakcanary-android:1.6.3] AndroidManifest.xml:68:13-42
	android:label
		ADDED from [com.squareup.leakcanary:leakcanary-android:1.6.3] AndroidManifest.xml:67:13-82
	android:excludeFromRecents
		ADDED from [com.squareup.leakcanary:leakcanary-android:1.6.3] AndroidManifest.xml:65:13-46
	android:roundIcon
		ADDED from [com.squareup.leakcanary:leakcanary-android:1.6.3] AndroidManifest.xml:69:13-57
	android:icon
		ADDED from [com.squareup.leakcanary:leakcanary-android:1.6.3] AndroidManifest.xml:66:13-52
	android:theme
		ADDED from [com.squareup.leakcanary:leakcanary-android:1.6.3] AndroidManifest.xml:71:13-65
	android:taskAffinity
		ADDED from [com.squareup.leakcanary:leakcanary-android:1.6.3] AndroidManifest.xml:70:13-76
	android:name
		ADDED from [com.squareup.leakcanary:leakcanary-android:1.6.3] AndroidManifest.xml:63:13-93